  C:\Users\Nacho\Desktop\sigil\Project1\Assets\aliveHeart.png
  C:\Users\Nacho\Desktop\sigil\Project1\Assets\breakRules.png
  C:\Users\Nacho\Desktop\sigil\Project1\Assets\brick1.png
  C:\Users\Nacho\Desktop\sigil\Project1\Assets\brick2.png
  C:\Users\Nacho\Desktop\sigil\Project1\Assets\creditos.png
  C:\Users\Nacho\Desktop\sigil\Project1\Assets\deathHeart.png
  C:\Users\Nacho\Desktop\sigil\Project1\Assets\deathRules.png
  C:\Users\Nacho\Desktop\sigil\Project1\Assets\exitButtonSelected.png
  C:\Users\Nacho\Desktop\sigil\Project1\Assets\exitButtonUnselected.png
  C:\Users\Nacho\Desktop\sigil\Project1\Assets\fondo.png
  C:\Users\Nacho\Desktop\sigil\Project1\Assets\goldHeart.png
  C:\Users\Nacho\Desktop\sigil\Project1\Assets\historiaComienzo.png
  C:\Users\Nacho\Desktop\sigil\Project1\Assets\historiaFinalMuerte.png
  C:\Users\Nacho\Desktop\sigil\Project1\Assets\historiaFinalVida.png
  C:\Users\Nacho\Desktop\sigil\Project1\Assets\logo.png
  C:\Users\Nacho\Desktop\sigil\Project1\Assets\menuButtonSelected.png
  C:\Users\Nacho\Desktop\sigil\Project1\Assets\menuButtonUnselected.png
  C:\Users\Nacho\Desktop\sigil\Project1\Assets\Monoton-Regular.ttf
  C:\Users\Nacho\Desktop\sigil\Project1\Assets\moveRules.png
  C:\Users\Nacho\Desktop\sigil\Project1\Assets\paddle.png
  C:\Users\Nacho\Desktop\sigil\Project1\Assets\playButtonSelected.png
  C:\Users\Nacho\Desktop\sigil\Project1\Assets\playButtonUnselected.png
  C:\Users\Nacho\Desktop\sigil\Project1\Assets\rulesButtonSelected.png
  C:\Users\Nacho\Desktop\sigil\Project1\Assets\rulesButtonUnselected.png
  24 File(s) copied
  FileName.cpp
C:\Users\Nacho\Desktop\sigil\Project1\FileName.cpp(35,1): warning C4326: return type of 'main' should be 'int' instead of 'void'
C:\Users\Nacho\Desktop\sigil\Project1\FileName.cpp(272,33): warning C4244: '=': conversion from 'int' to 'float', possible loss of data
C:\Users\Nacho\Desktop\sigil\Project1\FileName.cpp(273,34): warning C4244: '=': conversion from 'int' to 'float', possible loss of data
C:\Users\Nacho\Desktop\sigil\Project1\FileName.cpp(427,37): warning C4244: '=': conversion from 'int' to 'float', possible loss of data
C:\Users\Nacho\Desktop\sigil\Project1\FileName.cpp(507,30): warning C4244: '-=': conversion from 'double' to 'float', possible loss of data
C:\Users\Nacho\Desktop\sigil\Project1\FileName.cpp(534,30): warning C4244: '-=': conversion from 'double' to 'float', possible loss of data
C:\Users\Nacho\Desktop\sigil\Project1\FileName.cpp(561,30): warning C4244: '-=': conversion from 'double' to 'float', possible loss of data
  rules.cpp
  Generating Code...
  Project1.vcxproj -> C:\Users\Nacho\Desktop\sigil\Debug\Project1.exe
